2022-08-23T06:38:26.825523-00:00 0 [System] [MY-013169] [Server] /usr/sbin/mysqld (mysqld 8.0.30) initializing of server in progress as process 44
2022-08-23T06:38:26.853149-00:00 0 [Warning] [MY-010159] [Server] Setting lower_case_table_names=2 because file system for /var/lib/mysql/ is case insensitive
2022-08-23T06:38:26.907748-00:00 1 [System] [MY-013576] [InnoDB] InnoDB initialization has started.
2022-08-23T06:38:32.079370-00:00 1 [System] [MY-013577] [InnoDB] InnoDB initialization has ended.
2022-08-23T06:38:37.255446-00:00 6 [Warning] [MY-010453] [Server] root@localhost is created with an empty password ! Please consider switching off the --initialize-insecure option.
2022-08-23T06:39:06.456100-00:00 0 [System] [MY-010116] [Server] /usr/sbin/mysqld (mysqld 8.0.30) starting as process 95
2022-08-23T06:39:06.474889-00:00 0 [Warning] [MY-010159] [Server] Setting lower_case_table_names=2 because file system for /var/lib/mysql/ is case insensitive
2022-08-23T06:39:06.556694-00:00 1 [System] [MY-013576] [InnoDB] InnoDB initialization has started.
2022-08-23T06:39:09.040719-00:00 1 [System] [MY-013577] [InnoDB] InnoDB initialization has ended.
2022-08-23T06:39:10.802554-00:00 0 [Warning] [MY-010068] [Server] CA certificate ca.pem is self signed.
2022-08-23T06:39:10.803890-00:00 0 [System] [MY-013602] [Server] Channel mysql_main configured to support TLS. Encrypted connections are now supported for this channel.
2022-08-23T06:39:11.004622-00:00 0 [System] [MY-011323] [Server] X Plugin ready for connections. Socket: /var/run/mysqld/mysqlx.sock
2022-08-23T06:39:11.005798-00:00 0 [System] [MY-010931] [Server] /usr/sbin/mysqld: ready for connections. Version: '8.0.30'  socket: '/var/lib/mysql/mysql.sock'  port: 0  MySQL Community Server - GPL.
2022-08-23T06:39:49.569393-00:00 13 [System] [MY-013172] [Server] Received SHUTDOWN from user root. Shutting down mysqld (Version: 8.0.30).
2022-08-23T06:39:51.965452-00:00 0 [System] [MY-010910] [Server] /usr/sbin/mysqld: Shutdown complete (mysqld 8.0.30)  MySQL Community Server - GPL.
2022-08-23T06:39:53.087547-00:00 0 [System] [MY-010116] [Server] /usr/sbin/mysqld (mysqld 8.0.30) starting as process 1
2022-08-23T06:39:53.113039-00:00 0 [Warning] [MY-010159] [Server] Setting lower_case_table_names=2 because file system for /var/lib/mysql/ is case insensitive
2022-08-23T06:39:53.172236-00:00 1 [System] [MY-013576] [InnoDB] InnoDB initialization has started.
2022-08-23T06:39:56.619075-00:00 1 [System] [MY-013577] [InnoDB] InnoDB initialization has ended.
2022-08-23T06:39:58.765957-00:00 0 [Warning] [MY-010068] [Server] CA certificate ca.pem is self signed.
2022-08-23T06:39:58.771367-00:00 0 [System] [MY-013602] [Server] Channel mysql_main configured to support TLS. Encrypted connections are now supported for this channel.
2022-08-23T06:39:59.176724-00:00 0 [System] [MY-011323] [Server] X Plugin ready for connections. Bind-address: '::' port: 33060, socket: /var/run/mysqld/mysqlx.sock
2022-08-23T06:39:59.177869-00:00 0 [System] [MY-010931] [Server] /usr/sbin/mysqld: ready for connections. Version: '8.0.30'  socket: '/var/lib/mysql/mysql.sock'  port: 3306  MySQL Community Server - GPL.
